<?xml version="1.0" encoding="UTF-8"?>
<!-- Generated by org.testng.reporters.JUnitReportReporter -->
<testsuite hostname="LAPTOP-82PU0LMB" failures="0" tests="3" name="rahulshettyacademy.tests.StandAlone2Actions" time="22.376" errors="0" timestamp="2022-09-12T19:12:09 IST" skipped="0">
  <testcase classname="rahulshettyacademy.tests.StandAlone2Actions" name="submitOrder" time="9.135"/>
  <system-out/>
  <testcase classname="rahulshettyacademy.tests.StandAlone2Actions" name="submitOrder" time="8.040"/>
  <system-out/>
  <testcase classname="rahulshettyacademy.tests.StandAlone2Actions" name="OrderHistoryPage" time="5.201"/>
  <system-out/>
</testsuite> <!-- rahulshettyacademy.tests.StandAlone2Actions -->
