<?xml version="1.0" encoding="UTF-8"?>
<!-- Generated by org.testng.reporters.JUnitReportReporter -->
<testsuite hostname="LAPTOP-82PU0LMB" failures="0" tests="2" name="rahulshettyacademy.tests.StandAlone2Actions" time="18.759" errors="0" timestamp="2022-09-14T15:59:27 IST" skipped="0">
  <testcase classname="rahulshettyacademy.tests.StandAlone2Actions" name="submitOrder" time="7.432"/>
  <system-out/>
  <testcase classname="rahulshettyacademy.tests.StandAlone2Actions" name="submitOrder" time="11.327"/>
  <system-out/>
</testsuite> <!-- rahulshettyacademy.tests.StandAlone2Actions -->
