<?xml version="1.0" encoding="UTF-8"?>
<!-- Generated by org.testng.reporters.JUnitReportReporter -->
<testsuite hostname="LAPTOP-82PU0LMB" failures="0" tests="1" name="rahulshettyacademy.tests.ErrorValidationsLogin" time="8.528" errors="0" timestamp="2022-09-14T16:02:31 IST" skipped="0">
  <testcase classname="rahulshettyacademy.tests.ErrorValidationsLogin" name="loginErrorValidation" time="8.528"/>
  <system-out/>
</testsuite> <!-- rahulshettyacademy.tests.ErrorValidationsLogin -->
