<?xml version="1.0" encoding="UTF-8"?>
<!-- Generated by org.testng.reporters.JUnitReportReporter -->
<testsuite hostname="LAPTOP-82PU0LMB" failures="0" tests="1" name="cucumber.TestTestRunner" time="24.169" errors="0" timestamp="2022-09-16T12:49:27 IST" skipped="0">
  <testcase classname="cucumber.TestTestRunner" name="runScenario" time="24.169"/>
  <system-out/>
</testsuite> <!-- cucumber.TestTestRunner -->
